<?xml version="1.0" encoding="UTF-8"?>
<!-- Generated by org.testng.reporters.JUnitReportReporter -->
<testsuite hostname="dylanHomeRyzen" failures="0" tests="1" name="com.testout.qa.assignmenttest.SimulationTests" time="85.709" errors="0" timestamp="18 Jun 2018 03:40:48 GMT" skipped="0">
  <testcase classname="com.testout.qa.assignmenttest.SimulationTests" name="simulation1" time="85.709"/>
</testsuite> <!-- com.testout.qa.assignmenttest.SimulationTests -->
